<?xml version="1.0" encoding="UTF-8"?>
<testsuite xmlns:xsi="http://www.w3.org/2001/XMLSchema-instance" xsi:noNamespaceSchemaLocation="https://maven.apache.org/surefire/maven-surefire-plugin/xsd/surefire-test-report.xsd" name="org.apache.flink.dist.TaskManagerHeapSizeCalculationJavaBashTest" time="6.768" tests="2" errors="0" skipped="0" failures="0">
  <properties>
    <property name="gopherProxySet" value="false"/>
    <property name="awt.toolkit" value="sun.lwawt.macosx.LWCToolkit"/>
    <property name="log4j.configuration" value="log4j-test.properties"/>
    <property name="file.encoding.pkg" value="sun.io"/>
    <property name="java.specification.version" value="1.8"/>
    <property name="forkNumber" value="07"/>
    <property name="sun.cpu.isalist" value=""/>
    <property name="sun.jnu.encoding" value="UTF-8"/>
    <property name="java.class.path" value="/Users/denniscolasurdo/Downloads/flink-1.9.1/flink-dist/target/test-classes:/Users/denniscolasurdo/Downloads/flink-1.9.1/flink-dist/target/classes:/Users/denniscolasurdo/Downloads/flink-1.9.1/flink-core/target/flink-core-1.9.1.jar:/Users/denniscolasurdo/Downloads/flink-1.9.1/flink-annotations/target/flink-annotations-1.9.1.jar:/Users/denniscolasurdo/.m2/repository/org/apache/flink/flink-shaded-asm-6/6.2.1-7.0/flink-shaded-asm-6-6.2.1-7.0.jar:/Users/denniscolasurdo/.m2/repository/org/apache/commons/commons-lang3/3.3.2/commons-lang3-3.3.2.jar:/Users/denniscolasurdo/.m2/repository/com/esotericsoftware/kryo/kryo/2.24.0/kryo-2.24.0.jar:/Users/denniscolasurdo/.m2/repository/com/esotericsoftware/minlog/minlog/1.2/minlog-1.2.jar:/Users/denniscolasurdo/.m2/repository/commons-collections/commons-collections/3.2.2/commons-collections-3.2.2.jar:/Users/denniscolasurdo/.m2/repository/org/apache/commons/commons-compress/1.18/commons-compress-1.18.jar:/Users/denniscolasurdo/.m2/repository/org/apache/flink/flink-shaded-guava/18.0-7.0/flink-shaded-guava-18.0-7.0.jar:/Users/denniscolasurdo/Downloads/flink-1.9.1/flink-java/target/flink-java-1.9.1.jar:/Users/denniscolasurdo/.m2/repository/org/apache/commons/commons-math3/3.5/commons-math3-3.5.jar:/Users/denniscolasurdo/Downloads/flink-1.9.1/flink-scala/target/flink-scala_2.11-1.9.1.jar:/Users/denniscolasurdo/.m2/repository/org/scala-lang/scala-reflect/2.11.12/scala-reflect-2.11.12.jar:/Users/denniscolasurdo/.m2/repository/org/scala-lang/scala-library/2.11.12/scala-library-2.11.12.jar:/Users/denniscolasurdo/.m2/repository/org/scala-lang/scala-compiler/2.11.12/scala-compiler-2.11.12.jar:/Users/denniscolasurdo/.m2/repository/org/scala-lang/modules/scala-xml_2.11/1.0.5/scala-xml_2.11-1.0.5.jar:/Users/denniscolasurdo/.m2/repository/org/scala-lang/modules/scala-parser-combinators_2.11/1.1.1/scala-parser-combinators_2.11-1.1.1.jar:/Users/denniscolasurdo/Downloads/flink-1.9.1/flink-runtime/target/flink-runtime_2.11-1.9.1.jar:/Users/denniscolasurdo/Downloads/flink-1.9.1/flink-queryable-state/flink-queryable-state-client-java/target/flink-queryable-state-client-java-1.9.1.jar:/Users/denniscolasurdo/.m2/repository/commons-io/commons-io/2.4/commons-io-2.4.jar:/Users/denniscolasurdo/.m2/repository/org/apache/flink/flink-shaded-netty/4.1.32.Final-7.0/flink-shaded-netty-4.1.32.Final-7.0.jar:/Users/denniscolasurdo/.m2/repository/org/apache/flink/flink-shaded-jackson/2.9.8-7.0/flink-shaded-jackson-2.9.8-7.0.jar:/Users/denniscolasurdo/.m2/repository/commons-cli/commons-cli/1.3.1/commons-cli-1.3.1.jar:/Users/denniscolasurdo/.m2/repository/org/javassist/javassist/3.19.0-GA/javassist-3.19.0-GA.jar:/Users/denniscolasurdo/.m2/repository/com/typesafe/akka/akka-actor_2.11/2.5.21/akka-actor_2.11-2.5.21.jar:/Users/denniscolasurdo/.m2/repository/com/typesafe/config/1.3.0/config-1.3.0.jar:/Users/denniscolasurdo/.m2/repository/org/scala-lang/modules/scala-java8-compat_2.11/0.7.0/scala-java8-compat_2.11-0.7.0.jar:/Users/denniscolasurdo/.m2/repository/com/typesafe/akka/akka-remote_2.11/2.5.21/akka-remote_2.11-2.5.21.jar:/Users/denniscolasurdo/.m2/repository/io/netty/netty/3.10.6.Final/netty-3.10.6.Final.jar:/Users/denniscolasurdo/.m2/repository/com/typesafe/akka/akka-stream_2.11/2.5.21/akka-stream_2.11-2.5.21.jar:/Users/denniscolasurdo/.m2/repository/org/reactivestreams/reactive-streams/1.0.2/reactive-streams-1.0.2.jar:/Users/denniscolasurdo/.m2/repository/com/typesafe/ssl-config-core_2.11/0.3.7/ssl-config-core_2.11-0.3.7.jar:/Users/denniscolasurdo/.m2/repository/com/typesafe/akka/akka-protobuf_2.11/2.5.21/akka-protobuf_2.11-2.5.21.jar:/Users/denniscolasurdo/.m2/repository/com/typesafe/akka/akka-slf4j_2.11/2.5.21/akka-slf4j_2.11-2.5.21.jar:/Users/denniscolasurdo/.m2/repository/org/clapper/grizzled-slf4j_2.11/1.3.2/grizzled-slf4j_2.11-1.3.2.jar:/Users/denniscolasurdo/.m2/repository/com/github/scopt/scopt_2.11/3.5.0/scopt_2.11-3.5.0.jar:/Users/denniscolasurdo/.m2/repository/org/xerial/snappy/snappy-java/1.1.4/snappy-java-1.1.4.jar:/Users/denniscolasurdo/.m2/repository/com/twitter/chill_2.11/0.7.6/chill_2.11-0.7.6.jar:/Users/denniscolasurdo/.m2/repository/com/twitter/chill-java/0.7.6/chill-java-0.7.6.jar:/Users/denniscolasurdo/.m2/repository/org/apache/zookeeper/zookeeper/3.4.10/zookeeper-3.4.10.jar:/Users/denniscolasurdo/Downloads/flink-1.9.1/flink-shaded-curator/target/flink-shaded-curator-1.9.1.jar:/Users/denniscolasurdo/.m2/repository/org/apache/curator/curator-recipes/2.12.0/curator-recipes-2.12.0.jar:/Users/denniscolasurdo/.m2/repository/org/apache/curator/curator-framework/2.12.0/curator-framework-2.12.0.jar:/Users/denniscolasurdo/.m2/repository/org/apache/curator/curator-client/2.12.0/curator-client-2.12.0.jar:/Users/denniscolasurdo/Downloads/flink-1.9.1/flink-runtime-web/target/flink-runtime-web_2.11-1.9.1.jar:/Users/denniscolasurdo/Downloads/flink-1.9.1/flink-optimizer/target/flink-optimizer_2.11-1.9.1.jar:/Users/denniscolasurdo/Downloads/flink-1.9.1/flink-clients/target/flink-clients_2.11-1.9.1.jar:/Users/denniscolasurdo/Downloads/flink-1.9.1/flink-streaming-java/target/flink-streaming-java_2.11-1.9.1.jar:/Users/denniscolasurdo/Downloads/flink-1.9.1/flink-streaming-scala/target/flink-streaming-scala_2.11-1.9.1.jar:/Users/denniscolasurdo/Downloads/flink-1.9.1/flink-metrics/flink-metrics-core/target/flink-metrics-core-1.9.1.jar:/Users/denniscolasurdo/Downloads/flink-1.9.1/flink-metrics/flink-metrics-jmx/target/flink-metrics-jmx_2.11-1.9.1.jar:/Users/denniscolasurdo/Downloads/flink-1.9.1/flink-mesos/target/flink-mesos_2.11-1.9.1.jar:/Users/denniscolasurdo/.m2/repository/org/apache/mesos/mesos/1.0.1/mesos-1.0.1.jar:/Users/denniscolasurdo/.m2/repository/com/google/protobuf/protobuf-java/2.6.1/protobuf-java-2.6.1.jar:/Users/denniscolasurdo/.m2/repository/com/netflix/fenzo/fenzo-core/0.10.1/fenzo-core-0.10.1.jar:/Users/denniscolasurdo/.m2/repository/com/fasterxml/jackson/core/jackson-databind/2.4.5/jackson-databind-2.4.5.jar:/Users/denniscolasurdo/Downloads/flink-1.9.1/flink-container/target/flink-container_2.11-1.9.1.jar:/Users/denniscolasurdo/Downloads/flink-1.9.1/flink-state-backends/flink-statebackend-rocksdb/target/flink-statebackend-rocksdb_2.11-1.9.1.jar:/Users/denniscolasurdo/.m2/repository/com/data-artisans/frocksdbjni/5.17.2-artisans-1.0/frocksdbjni-5.17.2-artisans-1.0.jar:/Users/denniscolasurdo/Downloads/flink-1.9.1/flink-yarn/target/flink-yarn_2.11-1.9.1.jar:/Users/denniscolasurdo/Downloads/flink-1.9.1/flink-filesystems/flink-hadoop-fs/target/flink-hadoop-fs-1.9.1.jar:/Users/denniscolasurdo/Downloads/flink-1.9.1/flink-filesystems/flink-mapr-fs/target/flink-mapr-fs-1.9.1.jar:/Users/denniscolasurdo/.m2/repository/org/slf4j/slf4j-log4j12/1.7.15/slf4j-log4j12-1.7.15.jar:/Users/denniscolasurdo/.m2/repository/log4j/log4j/1.2.17/log4j-1.2.17.jar:/Users/denniscolasurdo/Downloads/flink-1.9.1/flink-examples/flink-examples-batch/target/flink-examples-batch_2.11-1.9.1.jar:/Users/denniscolasurdo/Downloads/flink-1.9.1/flink-examples/flink-examples-streaming/target/flink-examples-streaming_2.11-1.9.1.jar:/Users/denniscolasurdo/Downloads/flink-1.9.1/flink-connectors/flink-connector-twitter/target/flink-connector-twitter_2.11-1.9.1.jar:/Users/denniscolasurdo/.m2/repository/com/twitter/hbc-core/2.2.0/hbc-core-2.2.0.jar:/Users/denniscolasurdo/.m2/repository/com/twitter/joauth/6.0.2/joauth-6.0.2.jar:/Users/denniscolasurdo/Downloads/flink-1.9.1/flink-connectors/flink-connector-kafka-0.10/target/flink-connector-kafka-0.10_2.11-1.9.1.jar:/Users/denniscolasurdo/Downloads/flink-1.9.1/flink-connectors/flink-connector-kafka-0.9/target/flink-connector-kafka-0.9_2.11-1.9.1.jar:/Users/denniscolasurdo/Downloads/flink-1.9.1/flink-connectors/flink-connector-kafka-base/target/flink-connector-kafka-base_2.11-1.9.1.jar:/Users/denniscolasurdo/.m2/repository/org/apache/kafka/kafka-clients/0.10.2.1/kafka-clients-0.10.2.1.jar:/Users/denniscolasurdo/.m2/repository/net/jpountz/lz4/lz4/1.3.0/lz4-1.3.0.jar:/Users/denniscolasurdo/Downloads/flink-1.9.1/flink-examples/flink-examples-build-helper/flink-examples-streaming-state-machine/target/StateMachineExample.jar:/Users/denniscolasurdo/Downloads/flink-1.9.1/flink-examples/flink-examples-build-helper/flink-examples-streaming-twitter/target/Twitter.jar:/Users/denniscolasurdo/Downloads/flink-1.9.1/flink-libraries/flink-gelly-examples/target/flink-gelly-examples_2.11-1.9.1.jar:/Users/denniscolasurdo/Downloads/flink-1.9.1/flink-examples/flink-examples-table/target/flink-examples-table_2.11-1.9.1.jar:/Users/denniscolasurdo/Downloads/flink-1.9.1/flink-table/flink-table-api-java-bridge/target/flink-table-api-java-bridge_2.11-1.9.1.jar:/Users/denniscolasurdo/Downloads/flink-1.9.1/flink-table/flink-table-api-scala-bridge/target/flink-table-api-scala-bridge_2.11-1.9.1.jar:/Users/denniscolasurdo/Downloads/flink-1.9.1/flink-table/flink-table-planner/target/flink-table-planner_2.11-1.9.1.jar:/Users/denniscolasurdo/.m2/repository/org/codehaus/janino/janino/3.0.9/janino-3.0.9.jar:/Users/denniscolasurdo/.m2/repository/org/codehaus/janino/commons-compiler/3.0.9/commons-compiler-3.0.9.jar:/Users/denniscolasurdo/.m2/repository/org/apache/calcite/calcite-core/1.20.0/calcite-core-1.20.0.jar:/Users/denniscolasurdo/.m2/repository/commons-codec/commons-codec/1.10/commons-codec-1.10.jar:/Users/denniscolasurdo/.m2/repository/org/apache/calcite/calcite-linq4j/1.20.0/calcite-linq4j-1.20.0.jar:/Users/denniscolasurdo/.m2/repository/com/jayway/jsonpath/json-path/2.4.0/json-path-2.4.0.jar:/Users/denniscolasurdo/.m2/repository/joda-time/joda-time/2.5/joda-time-2.5.jar:/Users/denniscolasurdo/Downloads/flink-1.9.1/flink-metrics/flink-metrics-dropwizard/target/flink-metrics-dropwizard-1.9.1.jar:/Users/denniscolasurdo/.m2/repository/io/dropwizard/metrics/metrics-core/3.1.5/metrics-core-3.1.5.jar:/Users/denniscolasurdo/Downloads/flink-1.9.1/flink-metrics/flink-metrics-graphite/target/flink-metrics-graphite-1.9.1.jar:/Users/denniscolasurdo/.m2/repository/io/dropwizard/metrics/metrics-graphite/3.1.5/metrics-graphite-3.1.5.jar:/Users/denniscolasurdo/Downloads/flink-1.9.1/flink-metrics/flink-metrics-influxdb/target/flink-metrics-influxdb_2.11-1.9.1.jar:/Users/denniscolasurdo/.m2/repository/org/influxdb/influxdb-java/2.14/influxdb-java-2.14.jar:/Users/denniscolasurdo/.m2/repository/com/squareup/retrofit2/retrofit/2.4.0/retrofit-2.4.0.jar:/Users/denniscolasurdo/.m2/repository/com/squareup/retrofit2/converter-moshi/2.4.0/converter-moshi-2.4.0.jar:/Users/denniscolasurdo/.m2/repository/com/squareup/moshi/moshi/1.5.0/moshi-1.5.0.jar:/Users/denniscolasurdo/.m2/repository/org/msgpack/msgpack-core/0.8.16/msgpack-core-0.8.16.jar:/Users/denniscolasurdo/.m2/repository/com/squareup/okhttp3/logging-interceptor/3.11.0/logging-interceptor-3.11.0.jar:/Users/denniscolasurdo/Downloads/flink-1.9.1/flink-metrics/flink-metrics-prometheus/target/flink-metrics-prometheus_2.11-1.9.1.jar:/Users/denniscolasurdo/.m2/repository/io/prometheus/simpleclient/0.3.0/simpleclient-0.3.0.jar:/Users/denniscolasurdo/.m2/repository/io/prometheus/simpleclient_httpserver/0.3.0/simpleclient_httpserver-0.3.0.jar:/Users/denniscolasurdo/.m2/repository/io/prometheus/simpleclient_common/0.3.0/simpleclient_common-0.3.0.jar:/Users/denniscolasurdo/.m2/repository/io/prometheus/simpleclient_pushgateway/0.3.0/simpleclient_pushgateway-0.3.0.jar:/Users/denniscolasurdo/Downloads/flink-1.9.1/flink-metrics/flink-metrics-statsd/target/flink-metrics-statsd-1.9.1.jar:/Users/denniscolasurdo/Downloads/flink-1.9.1/flink-metrics/flink-metrics-datadog/target/flink-metrics-datadog-1.9.1.jar:/Users/denniscolasurdo/.m2/repository/com/squareup/okhttp3/okhttp/3.7.0/okhttp-3.7.0.jar:/Users/denniscolasurdo/.m2/repository/com/squareup/okio/okio/1.12.0/okio-1.12.0.jar:/Users/denniscolasurdo/Downloads/flink-1.9.1/flink-metrics/flink-metrics-slf4j/target/flink-metrics-slf4j-1.9.1.jar:/Users/denniscolasurdo/Downloads/flink-1.9.1/flink-libraries/flink-cep/target/flink-cep_2.11-1.9.1.jar:/Users/denniscolasurdo/Downloads/flink-1.9.1/flink-libraries/flink-cep-scala/target/flink-cep-scala_2.11-1.9.1.jar:/Users/denniscolasurdo/Downloads/flink-1.9.1/flink-libraries/flink-gelly/target/flink-gelly_2.11-1.9.1.jar:/Users/denniscolasurdo/Downloads/flink-1.9.1/flink-libraries/flink-gelly-scala/target/flink-gelly-scala_2.11-1.9.1.jar:/Users/denniscolasurdo/Downloads/flink-1.9.1/flink-table/flink-table-uber/target/flink-table-uber_2.11-1.9.1.jar:/Users/denniscolasurdo/Downloads/flink-1.9.1/flink-table/flink-table-common/target/flink-table-common-1.9.1.jar:/Users/denniscolasurdo/Downloads/flink-1.9.1/flink-table/flink-sql-parser/target/flink-sql-parser-1.9.1.jar:/Users/denniscolasurdo/Downloads/flink-1.9.1/flink-table/flink-table-api-java/target/flink-table-api-java-1.9.1.jar:/Users/denniscolasurdo/Downloads/flink-1.9.1/flink-table/flink-table-api-scala/target/flink-table-api-scala_2.11-1.9.1.jar:/Users/denniscolasurdo/Downloads/flink-1.9.1/flink-table/flink-table-uber-blink/target/flink-table-uber-blink_2.11-1.9.1.jar:/Users/denniscolasurdo/Downloads/flink-1.9.1/flink-table/flink-table-planner-blink/target/flink-table-planner-blink_2.11-1.9.1.jar:/Users/denniscolasurdo/.m2/repository/org/reflections/reflections/0.9.10/reflections-0.9.10.jar:/Users/denniscolasurdo/Downloads/flink-1.9.1/flink-table/flink-table-runtime-blink/target/flink-table-runtime-blink_2.11-1.9.1.jar:/Users/denniscolasurdo/.m2/repository/org/apache/calcite/avatica/avatica-core/1.15.0/avatica-core-1.15.0.jar:/Users/denniscolasurdo/.m2/repository/org/lz4/lz4-java/1.5.0/lz4-java-1.5.0.jar:/Users/denniscolasurdo/Downloads/flink-1.9.1/flink-table/flink-sql-client/target/flink-sql-client_2.11-1.9.1.jar:/Users/denniscolasurdo/.m2/repository/org/jline/jline-terminal/3.9.0/jline-terminal-3.9.0.jar:/Users/denniscolasurdo/.m2/repository/org/jline/jline-reader/3.9.0/jline-reader-3.9.0.jar:/Users/denniscolasurdo/Downloads/flink-1.9.1/flink-libraries/flink-state-processing-api/target/flink-state-processor-api_2.11-1.9.1.jar:/Users/denniscolasurdo/Downloads/flink-1.9.1/flink-filesystems/flink-azure-fs-hadoop/target/flink-azure-fs-hadoop-1.9.1.jar:/Users/denniscolasurdo/Downloads/flink-1.9.1/flink-filesystems/flink-fs-hadoop-shaded/target/flink-fs-hadoop-shaded-1.9.1.jar:/Users/denniscolasurdo/.m2/repository/org/apache/hadoop/hadoop-common/3.1.0/hadoop-common-3.1.0.jar:/Users/denniscolasurdo/.m2/repository/commons-lang/commons-lang/2.6/commons-lang-2.6.jar:/Users/denniscolasurdo/.m2/repository/commons-beanutils/commons-beanutils/1.9.3/commons-beanutils-1.9.3.jar:/Users/denniscolasurdo/.m2/repository/org/apache/commons/commons-configuration2/2.1.1/commons-configuration2-2.1.1.jar:/Users/denniscolasurdo/.m2/repository/com/google/re2j/re2j/1.1/re2j-1.1.jar:/Users/denniscolasurdo/.m2/repository/org/apache/hadoop/hadoop-auth/3.1.0/hadoop-auth-3.1.0.jar:/Users/denniscolasurdo/.m2/repository/org/apache/htrace/htrace-core4/4.1.0-incubating/htrace-core4-4.1.0-incubating.jar:/Users/denniscolasurdo/.m2/repository/org/codehaus/woodstox/stax2-api/3.1.4/stax2-api-3.1.4.jar:/Users/denniscolasurdo/.m2/repository/com/fasterxml/woodstox/woodstox-core/5.0.3/woodstox-core-5.0.3.jar:/Users/denniscolasurdo/.m2/repository/org/apache/hadoop/hadoop-azure/3.1.0/hadoop-azure-3.1.0.jar:/Users/denniscolasurdo/.m2/repository/com/fasterxml/jackson/core/jackson-core/2.7.8/jackson-core-2.7.8.jar:/Users/denniscolasurdo/.m2/repository/org/apache/httpcomponents/httpclient/4.5.3/httpclient-4.5.3.jar:/Users/denniscolasurdo/.m2/repository/org/apache/httpcomponents/httpcore/4.4.6/httpcore-4.4.6.jar:/Users/denniscolasurdo/.m2/repository/com/microsoft/azure/azure-storage/5.4.0/azure-storage-5.4.0.jar:/Users/denniscolasurdo/.m2/repository/com/microsoft/azure/azure-keyvault-core/0.8.0/azure-keyvault-core-0.8.0.jar:/Users/denniscolasurdo/.m2/repository/com/google/guava/guava/11.0.2/guava-11.0.2.jar:/Users/denniscolasurdo/.m2/repository/org/eclipse/jetty/jetty-util-ajax/9.3.19.v20170502/jetty-util-ajax-9.3.19.v20170502.jar:/Users/denniscolasurdo/.m2/repository/org/eclipse/jetty/jetty-util/9.3.19.v20170502/jetty-util-9.3.19.v20170502.jar:/Users/denniscolasurdo/Downloads/flink-1.9.1/flink-filesystems/flink-s3-fs-hadoop/target/flink-s3-fs-hadoop-1.9.1.jar:/Users/denniscolasurdo/Downloads/flink-1.9.1/flink-filesystems/flink-s3-fs-base/target/flink-s3-fs-base-1.9.1.jar:/Users/denniscolasurdo/.m2/repository/com/amazonaws/aws-java-sdk-core/1.11.271/aws-java-sdk-core-1.11.271.jar:/Users/denniscolasurdo/.m2/repository/software/amazon/ion/ion-java/1.0.2/ion-java-1.0.2.jar:/Users/denniscolasurdo/.m2/repository/com/fasterxml/jackson/dataformat/jackson-dataformat-cbor/2.6.7/jackson-dataformat-cbor-2.6.7.jar:/Users/denniscolasurdo/.m2/repository/com/amazonaws/aws-java-sdk-s3/1.11.271/aws-java-sdk-s3-1.11.271.jar:/Users/denniscolasurdo/.m2/repository/com/amazonaws/jmespath-java/1.11.271/jmespath-java-1.11.271.jar:/Users/denniscolasurdo/.m2/repository/com/amazonaws/aws-java-sdk-kms/1.11.271/aws-java-sdk-kms-1.11.271.jar:/Users/denniscolasurdo/.m2/repository/com/amazonaws/aws-java-sdk-dynamodb/1.11.271/aws-java-sdk-dynamodb-1.11.271.jar:/Users/denniscolasurdo/.m2/repository/org/apache/hadoop/hadoop-aws/3.1.0/hadoop-aws-3.1.0.jar:/Users/denniscolasurdo/Downloads/flink-1.9.1/flink-filesystems/flink-s3-fs-presto/target/flink-s3-fs-presto-1.9.1.jar:/Users/denniscolasurdo/.m2/repository/com/facebook/presto/presto-hive/0.187/presto-hive-0.187.jar:/Users/denniscolasurdo/.m2/repository/io/airlift/stats/0.153/stats-0.153.jar:/Users/denniscolasurdo/.m2/repository/org/hdrhistogram/HdrHistogram/2.1.9/HdrHistogram-2.1.9.jar:/Users/denniscolasurdo/.m2/repository/io/airlift/log/0.153/log-0.153.jar:/Users/denniscolasurdo/.m2/repository/io/airlift/configuration/0.153/configuration-0.153.jar:/Users/denniscolasurdo/.m2/repository/org/weakref/jmxutils/1.19/jmxutils-1.19.jar:/Users/denniscolasurdo/.m2/repository/io/airlift/slice/0.31/slice-0.31.jar:/Users/denniscolasurdo/.m2/repository/io/airlift/units/1.0/units-1.0.jar:/Users/denniscolasurdo/.m2/repository/com/fasterxml/jackson/core/jackson-annotations/2.8.1/jackson-annotations-2.8.1.jar:/Users/denniscolasurdo/.m2/repository/com/facebook/presto/hadoop/hadoop-apache2/2.7.3-1/hadoop-apache2-2.7.3-1.jar:/Users/denniscolasurdo/Downloads/flink-1.9.1/flink-filesystems/flink-swift-fs-hadoop/target/flink-swift-fs-hadoop-1.9.1.jar:/Users/denniscolasurdo/.m2/repository/org/apache/hadoop/hadoop-client/2.8.1/hadoop-client-2.8.1.jar:/Users/denniscolasurdo/.m2/repository/org/apache/hadoop/hadoop-hdfs/2.8.1/hadoop-hdfs-2.8.1.jar:/Users/denniscolasurdo/.m2/repository/org/apache/hadoop/hadoop-hdfs-client/2.8.1/hadoop-hdfs-client-2.8.1.jar:/Users/denniscolasurdo/.m2/repository/com/squareup/okhttp/okhttp/2.4.0/okhttp-2.4.0.jar:/Users/denniscolasurdo/.m2/repository/xmlenc/xmlenc/0.52/xmlenc-0.52.jar:/Users/denniscolasurdo/.m2/repository/org/apache/hadoop/hadoop-annotations/2.8.1/hadoop-annotations-2.8.1.jar:/Users/denniscolasurdo/.m2/repository/org/apache/hadoop/hadoop-openstack/2.8.1/hadoop-openstack-2.8.1.jar:/Users/denniscolasurdo/.m2/repository/org/codehaus/jackson/jackson-mapper-asl/1.9.13/jackson-mapper-asl-1.9.13.jar:/Users/denniscolasurdo/.m2/repository/org/codehaus/jackson/jackson-core-asl/1.9.13/jackson-core-asl-1.9.13.jar:/Users/denniscolasurdo/.m2/repository/commons-httpclient/commons-httpclient/3.1/commons-httpclient-3.1.jar:/Users/denniscolasurdo/.m2/repository/commons-logging/commons-logging/1.1.3/commons-logging-1.1.3.jar:/Users/denniscolasurdo/Downloads/flink-1.9.1/flink-filesystems/flink-oss-fs-hadoop/target/flink-oss-fs-hadoop-1.9.1.jar:/Users/denniscolasurdo/.m2/repository/org/apache/hadoop/hadoop-aliyun/3.1.0/hadoop-aliyun-3.1.0.jar:/Users/denniscolasurdo/.m2/repository/com/aliyun/oss/aliyun-sdk-oss/3.4.1/aliyun-sdk-oss-3.4.1.jar:/Users/denniscolasurdo/.m2/repository/org/jdom/jdom/1.1/jdom-1.1.jar:/Users/denniscolasurdo/.m2/repository/org/codehaus/jettison/jettison/1.1/jettison-1.1.jar:/Users/denniscolasurdo/.m2/repository/stax/stax-api/1.0.1/stax-api-1.0.1.jar:/Users/denniscolasurdo/.m2/repository/com/aliyun/aliyun-java-sdk-core/3.4.0/aliyun-java-sdk-core-3.4.0.jar:/Users/denniscolasurdo/.m2/repository/com/aliyun/aliyun-java-sdk-ram/3.0.0/aliyun-java-sdk-ram-3.0.0.jar:/Users/denniscolasurdo/.m2/repository/com/aliyun/aliyun-java-sdk-sts/3.0.0/aliyun-java-sdk-sts-3.0.0.jar:/Users/denniscolasurdo/.m2/repository/com/aliyun/aliyun-java-sdk-ecs/4.2.0/aliyun-java-sdk-ecs-4.2.0.jar:/Users/denniscolasurdo/Downloads/flink-1.9.1/flink-queryable-state/flink-queryable-state-runtime/target/flink-queryable-state-runtime_2.11-1.9.1.jar:/Users/denniscolasurdo/Downloads/flink-1.9.1/flink-python/target/flink-python_2.11-1.9.1.jar:/Users/denniscolasurdo/.m2/repository/net/sf/py4j/py4j/0.10.8.1/py4j-0.10.8.1.jar:/Users/denniscolasurdo/.m2/repository/net/razorvine/pyrolite/4.13/pyrolite-4.13.jar:/Users/denniscolasurdo/.m2/repository/org/apache/flink/flink-shaded-netty-tcnative-dynamic/2.0.25.Final-7.0/flink-shaded-netty-tcnative-dynamic-2.0.25.Final-7.0.jar:/Users/denniscolasurdo/Downloads/flink-1.9.1/flink-test-utils-parent/flink-test-utils-junit/target/flink-test-utils-junit-1.9.1.jar:/Users/denniscolasurdo/Downloads/flink-1.9.1/flink-scala-shell/target/flink-scala-shell_2.11-1.9.1.jar:/Users/denniscolasurdo/Downloads/flink-1.9.1/tools/force-shading/target/force-shading-1.9.1.jar:/Users/denniscolasurdo/.m2/repository/org/slf4j/slf4j-api/1.7.15/slf4j-api-1.7.15.jar:/Users/denniscolasurdo/.m2/repository/com/google/code/findbugs/jsr305/1.3.9/jsr305-1.3.9.jar:/Users/denniscolasurdo/.m2/repository/junit/junit/4.12/junit-4.12.jar:/Users/denniscolasurdo/.m2/repository/org/hamcrest/hamcrest-core/1.3/hamcrest-core-1.3.jar:/Users/denniscolasurdo/.m2/repository/org/mockito/mockito-core/2.21.0/mockito-core-2.21.0.jar:/Users/denniscolasurdo/.m2/repository/net/bytebuddy/byte-buddy/1.8.15/byte-buddy-1.8.15.jar:/Users/denniscolasurdo/.m2/repository/net/bytebuddy/byte-buddy-agent/1.8.15/byte-buddy-agent-1.8.15.jar:/Users/denniscolasurdo/.m2/repository/org/objenesis/objenesis/2.1/objenesis-2.1.jar:/Users/denniscolasurdo/.m2/repository/org/powermock/powermock-module-junit4/2.0.0-RC.4/powermock-module-junit4-2.0.0-RC.4.jar:/Users/denniscolasurdo/.m2/repository/org/powermock/powermock-module-junit4-common/2.0.0-RC.4/powermock-module-junit4-common-2.0.0-RC.4.jar:/Users/denniscolasurdo/.m2/repository/org/powermock/powermock-reflect/2.0.0-RC.4/powermock-reflect-2.0.0-RC.4.jar:/Users/denniscolasurdo/.m2/repository/org/powermock/powermock-core/2.0.0-RC.4/powermock-core-2.0.0-RC.4.jar:/Users/denniscolasurdo/.m2/repository/org/powermock/powermock-api-mockito2/2.0.0-RC.4/powermock-api-mockito2-2.0.0-RC.4.jar:/Users/denniscolasurdo/.m2/repository/org/powermock/powermock-api-support/2.0.0-RC.4/powermock-api-support-2.0.0-RC.4.jar:/Users/denniscolasurdo/.m2/repository/org/hamcrest/hamcrest-all/1.3/hamcrest-all-1.3.jar:"/>
    <property name="java.vm.vendor" value="AdoptOpenJDK"/>
    <property name="sun.arch.data.model" value="64"/>
    <property name="java.vendor.url" value="http://java.oracle.com/"/>
    <property name="user.timezone" value=""/>
    <property name="log.level" value="WARN"/>
    <property name="java.vm.specification.version" value="1.8"/>
    <property name="os.name" value="Mac OS X"/>
    <property name="user.country" value="US"/>
    <property name="sun.java.launcher" value="SUN_STANDARD"/>
    <property name="sun.boot.library.path" value="/Library/Java/JavaVirtualMachines/adoptopenjdk-8.jdk/Contents/Home/jre/lib"/>
    <property name="sun.java.command" value="/Users/denniscolasurdo/Downloads/flink-1.9.1/flink-dist/target/surefire/surefirebooter5050696133099818547.jar /Users/denniscolasurdo/Downloads/flink-1.9.1/flink-dist/target/surefire 2020-01-23T12-29-14_667-jvmRun7 surefire7688836497411553008tmp surefire_1111426834452326678796tmp"/>
    <property name="http.nonProxyHosts" value="local|*.local|169.254/16|*.169.254/16"/>
    <property name="surefire.test.class.path" value="/Users/denniscolasurdo/Downloads/flink-1.9.1/flink-dist/target/test-classes:/Users/denniscolasurdo/Downloads/flink-1.9.1/flink-dist/target/classes:/Users/denniscolasurdo/Downloads/flink-1.9.1/flink-core/target/flink-core-1.9.1.jar:/Users/denniscolasurdo/Downloads/flink-1.9.1/flink-annotations/target/flink-annotations-1.9.1.jar:/Users/denniscolasurdo/.m2/repository/org/apache/flink/flink-shaded-asm-6/6.2.1-7.0/flink-shaded-asm-6-6.2.1-7.0.jar:/Users/denniscolasurdo/.m2/repository/org/apache/commons/commons-lang3/3.3.2/commons-lang3-3.3.2.jar:/Users/denniscolasurdo/.m2/repository/com/esotericsoftware/kryo/kryo/2.24.0/kryo-2.24.0.jar:/Users/denniscolasurdo/.m2/repository/com/esotericsoftware/minlog/minlog/1.2/minlog-1.2.jar:/Users/denniscolasurdo/.m2/repository/commons-collections/commons-collections/3.2.2/commons-collections-3.2.2.jar:/Users/denniscolasurdo/.m2/repository/org/apache/commons/commons-compress/1.18/commons-compress-1.18.jar:/Users/denniscolasurdo/.m2/repository/org/apache/flink/flink-shaded-guava/18.0-7.0/flink-shaded-guava-18.0-7.0.jar:/Users/denniscolasurdo/Downloads/flink-1.9.1/flink-java/target/flink-java-1.9.1.jar:/Users/denniscolasurdo/.m2/repository/org/apache/commons/commons-math3/3.5/commons-math3-3.5.jar:/Users/denniscolasurdo/Downloads/flink-1.9.1/flink-scala/target/flink-scala_2.11-1.9.1.jar:/Users/denniscolasurdo/.m2/repository/org/scala-lang/scala-reflect/2.11.12/scala-reflect-2.11.12.jar:/Users/denniscolasurdo/.m2/repository/org/scala-lang/scala-library/2.11.12/scala-library-2.11.12.jar:/Users/denniscolasurdo/.m2/repository/org/scala-lang/scala-compiler/2.11.12/scala-compiler-2.11.12.jar:/Users/denniscolasurdo/.m2/repository/org/scala-lang/modules/scala-xml_2.11/1.0.5/scala-xml_2.11-1.0.5.jar:/Users/denniscolasurdo/.m2/repository/org/scala-lang/modules/scala-parser-combinators_2.11/1.1.1/scala-parser-combinators_2.11-1.1.1.jar:/Users/denniscolasurdo/Downloads/flink-1.9.1/flink-runtime/target/flink-runtime_2.11-1.9.1.jar:/Users/denniscolasurdo/Downloads/flink-1.9.1/flink-queryable-state/flink-queryable-state-client-java/target/flink-queryable-state-client-java-1.9.1.jar:/Users/denniscolasurdo/.m2/repository/commons-io/commons-io/2.4/commons-io-2.4.jar:/Users/denniscolasurdo/.m2/repository/org/apache/flink/flink-shaded-netty/4.1.32.Final-7.0/flink-shaded-netty-4.1.32.Final-7.0.jar:/Users/denniscolasurdo/.m2/repository/org/apache/flink/flink-shaded-jackson/2.9.8-7.0/flink-shaded-jackson-2.9.8-7.0.jar:/Users/denniscolasurdo/.m2/repository/commons-cli/commons-cli/1.3.1/commons-cli-1.3.1.jar:/Users/denniscolasurdo/.m2/repository/org/javassist/javassist/3.19.0-GA/javassist-3.19.0-GA.jar:/Users/denniscolasurdo/.m2/repository/com/typesafe/akka/akka-actor_2.11/2.5.21/akka-actor_2.11-2.5.21.jar:/Users/denniscolasurdo/.m2/repository/com/typesafe/config/1.3.0/config-1.3.0.jar:/Users/denniscolasurdo/.m2/repository/org/scala-lang/modules/scala-java8-compat_2.11/0.7.0/scala-java8-compat_2.11-0.7.0.jar:/Users/denniscolasurdo/.m2/repository/com/typesafe/akka/akka-remote_2.11/2.5.21/akka-remote_2.11-2.5.21.jar:/Users/denniscolasurdo/.m2/repository/io/netty/netty/3.10.6.Final/netty-3.10.6.Final.jar:/Users/denniscolasurdo/.m2/repository/com/typesafe/akka/akka-stream_2.11/2.5.21/akka-stream_2.11-2.5.21.jar:/Users/denniscolasurdo/.m2/repository/org/reactivestreams/reactive-streams/1.0.2/reactive-streams-1.0.2.jar:/Users/denniscolasurdo/.m2/repository/com/typesafe/ssl-config-core_2.11/0.3.7/ssl-config-core_2.11-0.3.7.jar:/Users/denniscolasurdo/.m2/repository/com/typesafe/akka/akka-protobuf_2.11/2.5.21/akka-protobuf_2.11-2.5.21.jar:/Users/denniscolasurdo/.m2/repository/com/typesafe/akka/akka-slf4j_2.11/2.5.21/akka-slf4j_2.11-2.5.21.jar:/Users/denniscolasurdo/.m2/repository/org/clapper/grizzled-slf4j_2.11/1.3.2/grizzled-slf4j_2.11-1.3.2.jar:/Users/denniscolasurdo/.m2/repository/com/github/scopt/scopt_2.11/3.5.0/scopt_2.11-3.5.0.jar:/Users/denniscolasurdo/.m2/repository/org/xerial/snappy/snappy-java/1.1.4/snappy-java-1.1.4.jar:/Users/denniscolasurdo/.m2/repository/com/twitter/chill_2.11/0.7.6/chill_2.11-0.7.6.jar:/Users/denniscolasurdo/.m2/repository/com/twitter/chill-java/0.7.6/chill-java-0.7.6.jar:/Users/denniscolasurdo/.m2/repository/org/apache/zookeeper/zookeeper/3.4.10/zookeeper-3.4.10.jar:/Users/denniscolasurdo/Downloads/flink-1.9.1/flink-shaded-curator/target/flink-shaded-curator-1.9.1.jar:/Users/denniscolasurdo/.m2/repository/org/apache/curator/curator-recipes/2.12.0/curator-recipes-2.12.0.jar:/Users/denniscolasurdo/.m2/repository/org/apache/curator/curator-framework/2.12.0/curator-framework-2.12.0.jar:/Users/denniscolasurdo/.m2/repository/org/apache/curator/curator-client/2.12.0/curator-client-2.12.0.jar:/Users/denniscolasurdo/Downloads/flink-1.9.1/flink-runtime-web/target/flink-runtime-web_2.11-1.9.1.jar:/Users/denniscolasurdo/Downloads/flink-1.9.1/flink-optimizer/target/flink-optimizer_2.11-1.9.1.jar:/Users/denniscolasurdo/Downloads/flink-1.9.1/flink-clients/target/flink-clients_2.11-1.9.1.jar:/Users/denniscolasurdo/Downloads/flink-1.9.1/flink-streaming-java/target/flink-streaming-java_2.11-1.9.1.jar:/Users/denniscolasurdo/Downloads/flink-1.9.1/flink-streaming-scala/target/flink-streaming-scala_2.11-1.9.1.jar:/Users/denniscolasurdo/Downloads/flink-1.9.1/flink-metrics/flink-metrics-core/target/flink-metrics-core-1.9.1.jar:/Users/denniscolasurdo/Downloads/flink-1.9.1/flink-metrics/flink-metrics-jmx/target/flink-metrics-jmx_2.11-1.9.1.jar:/Users/denniscolasurdo/Downloads/flink-1.9.1/flink-mesos/target/flink-mesos_2.11-1.9.1.jar:/Users/denniscolasurdo/.m2/repository/org/apache/mesos/mesos/1.0.1/mesos-1.0.1.jar:/Users/denniscolasurdo/.m2/repository/com/google/protobuf/protobuf-java/2.6.1/protobuf-java-2.6.1.jar:/Users/denniscolasurdo/.m2/repository/com/netflix/fenzo/fenzo-core/0.10.1/fenzo-core-0.10.1.jar:/Users/denniscolasurdo/.m2/repository/com/fasterxml/jackson/core/jackson-databind/2.4.5/jackson-databind-2.4.5.jar:/Users/denniscolasurdo/Downloads/flink-1.9.1/flink-container/target/flink-container_2.11-1.9.1.jar:/Users/denniscolasurdo/Downloads/flink-1.9.1/flink-state-backends/flink-statebackend-rocksdb/target/flink-statebackend-rocksdb_2.11-1.9.1.jar:/Users/denniscolasurdo/.m2/repository/com/data-artisans/frocksdbjni/5.17.2-artisans-1.0/frocksdbjni-5.17.2-artisans-1.0.jar:/Users/denniscolasurdo/Downloads/flink-1.9.1/flink-yarn/target/flink-yarn_2.11-1.9.1.jar:/Users/denniscolasurdo/Downloads/flink-1.9.1/flink-filesystems/flink-hadoop-fs/target/flink-hadoop-fs-1.9.1.jar:/Users/denniscolasurdo/Downloads/flink-1.9.1/flink-filesystems/flink-mapr-fs/target/flink-mapr-fs-1.9.1.jar:/Users/denniscolasurdo/.m2/repository/org/slf4j/slf4j-log4j12/1.7.15/slf4j-log4j12-1.7.15.jar:/Users/denniscolasurdo/.m2/repository/log4j/log4j/1.2.17/log4j-1.2.17.jar:/Users/denniscolasurdo/Downloads/flink-1.9.1/flink-examples/flink-examples-batch/target/flink-examples-batch_2.11-1.9.1.jar:/Users/denniscolasurdo/Downloads/flink-1.9.1/flink-examples/flink-examples-streaming/target/flink-examples-streaming_2.11-1.9.1.jar:/Users/denniscolasurdo/Downloads/flink-1.9.1/flink-connectors/flink-connector-twitter/target/flink-connector-twitter_2.11-1.9.1.jar:/Users/denniscolasurdo/.m2/repository/com/twitter/hbc-core/2.2.0/hbc-core-2.2.0.jar:/Users/denniscolasurdo/.m2/repository/com/twitter/joauth/6.0.2/joauth-6.0.2.jar:/Users/denniscolasurdo/Downloads/flink-1.9.1/flink-connectors/flink-connector-kafka-0.10/target/flink-connector-kafka-0.10_2.11-1.9.1.jar:/Users/denniscolasurdo/Downloads/flink-1.9.1/flink-connectors/flink-connector-kafka-0.9/target/flink-connector-kafka-0.9_2.11-1.9.1.jar:/Users/denniscolasurdo/Downloads/flink-1.9.1/flink-connectors/flink-connector-kafka-base/target/flink-connector-kafka-base_2.11-1.9.1.jar:/Users/denniscolasurdo/.m2/repository/org/apache/kafka/kafka-clients/0.10.2.1/kafka-clients-0.10.2.1.jar:/Users/denniscolasurdo/.m2/repository/net/jpountz/lz4/lz4/1.3.0/lz4-1.3.0.jar:/Users/denniscolasurdo/Downloads/flink-1.9.1/flink-examples/flink-examples-build-helper/flink-examples-streaming-state-machine/target/StateMachineExample.jar:/Users/denniscolasurdo/Downloads/flink-1.9.1/flink-examples/flink-examples-build-helper/flink-examples-streaming-twitter/target/Twitter.jar:/Users/denniscolasurdo/Downloads/flink-1.9.1/flink-libraries/flink-gelly-examples/target/flink-gelly-examples_2.11-1.9.1.jar:/Users/denniscolasurdo/Downloads/flink-1.9.1/flink-examples/flink-examples-table/target/flink-examples-table_2.11-1.9.1.jar:/Users/denniscolasurdo/Downloads/flink-1.9.1/flink-table/flink-table-api-java-bridge/target/flink-table-api-java-bridge_2.11-1.9.1.jar:/Users/denniscolasurdo/Downloads/flink-1.9.1/flink-table/flink-table-api-scala-bridge/target/flink-table-api-scala-bridge_2.11-1.9.1.jar:/Users/denniscolasurdo/Downloads/flink-1.9.1/flink-table/flink-table-planner/target/flink-table-planner_2.11-1.9.1.jar:/Users/denniscolasurdo/.m2/repository/org/codehaus/janino/janino/3.0.9/janino-3.0.9.jar:/Users/denniscolasurdo/.m2/repository/org/codehaus/janino/commons-compiler/3.0.9/commons-compiler-3.0.9.jar:/Users/denniscolasurdo/.m2/repository/org/apache/calcite/calcite-core/1.20.0/calcite-core-1.20.0.jar:/Users/denniscolasurdo/.m2/repository/commons-codec/commons-codec/1.10/commons-codec-1.10.jar:/Users/denniscolasurdo/.m2/repository/org/apache/calcite/calcite-linq4j/1.20.0/calcite-linq4j-1.20.0.jar:/Users/denniscolasurdo/.m2/repository/com/jayway/jsonpath/json-path/2.4.0/json-path-2.4.0.jar:/Users/denniscolasurdo/.m2/repository/joda-time/joda-time/2.5/joda-time-2.5.jar:/Users/denniscolasurdo/Downloads/flink-1.9.1/flink-metrics/flink-metrics-dropwizard/target/flink-metrics-dropwizard-1.9.1.jar:/Users/denniscolasurdo/.m2/repository/io/dropwizard/metrics/metrics-core/3.1.5/metrics-core-3.1.5.jar:/Users/denniscolasurdo/Downloads/flink-1.9.1/flink-metrics/flink-metrics-graphite/target/flink-metrics-graphite-1.9.1.jar:/Users/denniscolasurdo/.m2/repository/io/dropwizard/metrics/metrics-graphite/3.1.5/metrics-graphite-3.1.5.jar:/Users/denniscolasurdo/Downloads/flink-1.9.1/flink-metrics/flink-metrics-influxdb/target/flink-metrics-influxdb_2.11-1.9.1.jar:/Users/denniscolasurdo/.m2/repository/org/influxdb/influxdb-java/2.14/influxdb-java-2.14.jar:/Users/denniscolasurdo/.m2/repository/com/squareup/retrofit2/retrofit/2.4.0/retrofit-2.4.0.jar:/Users/denniscolasurdo/.m2/repository/com/squareup/retrofit2/converter-moshi/2.4.0/converter-moshi-2.4.0.jar:/Users/denniscolasurdo/.m2/repository/com/squareup/moshi/moshi/1.5.0/moshi-1.5.0.jar:/Users/denniscolasurdo/.m2/repository/org/msgpack/msgpack-core/0.8.16/msgpack-core-0.8.16.jar:/Users/denniscolasurdo/.m2/repository/com/squareup/okhttp3/logging-interceptor/3.11.0/logging-interceptor-3.11.0.jar:/Users/denniscolasurdo/Downloads/flink-1.9.1/flink-metrics/flink-metrics-prometheus/target/flink-metrics-prometheus_2.11-1.9.1.jar:/Users/denniscolasurdo/.m2/repository/io/prometheus/simpleclient/0.3.0/simpleclient-0.3.0.jar:/Users/denniscolasurdo/.m2/repository/io/prometheus/simpleclient_httpserver/0.3.0/simpleclient_httpserver-0.3.0.jar:/Users/denniscolasurdo/.m2/repository/io/prometheus/simpleclient_common/0.3.0/simpleclient_common-0.3.0.jar:/Users/denniscolasurdo/.m2/repository/io/prometheus/simpleclient_pushgateway/0.3.0/simpleclient_pushgateway-0.3.0.jar:/Users/denniscolasurdo/Downloads/flink-1.9.1/flink-metrics/flink-metrics-statsd/target/flink-metrics-statsd-1.9.1.jar:/Users/denniscolasurdo/Downloads/flink-1.9.1/flink-metrics/flink-metrics-datadog/target/flink-metrics-datadog-1.9.1.jar:/Users/denniscolasurdo/.m2/repository/com/squareup/okhttp3/okhttp/3.7.0/okhttp-3.7.0.jar:/Users/denniscolasurdo/.m2/repository/com/squareup/okio/okio/1.12.0/okio-1.12.0.jar:/Users/denniscolasurdo/Downloads/flink-1.9.1/flink-metrics/flink-metrics-slf4j/target/flink-metrics-slf4j-1.9.1.jar:/Users/denniscolasurdo/Downloads/flink-1.9.1/flink-libraries/flink-cep/target/flink-cep_2.11-1.9.1.jar:/Users/denniscolasurdo/Downloads/flink-1.9.1/flink-libraries/flink-cep-scala/target/flink-cep-scala_2.11-1.9.1.jar:/Users/denniscolasurdo/Downloads/flink-1.9.1/flink-libraries/flink-gelly/target/flink-gelly_2.11-1.9.1.jar:/Users/denniscolasurdo/Downloads/flink-1.9.1/flink-libraries/flink-gelly-scala/target/flink-gelly-scala_2.11-1.9.1.jar:/Users/denniscolasurdo/Downloads/flink-1.9.1/flink-table/flink-table-uber/target/flink-table-uber_2.11-1.9.1.jar:/Users/denniscolasurdo/Downloads/flink-1.9.1/flink-table/flink-table-common/target/flink-table-common-1.9.1.jar:/Users/denniscolasurdo/Downloads/flink-1.9.1/flink-table/flink-sql-parser/target/flink-sql-parser-1.9.1.jar:/Users/denniscolasurdo/Downloads/flink-1.9.1/flink-table/flink-table-api-java/target/flink-table-api-java-1.9.1.jar:/Users/denniscolasurdo/Downloads/flink-1.9.1/flink-table/flink-table-api-scala/target/flink-table-api-scala_2.11-1.9.1.jar:/Users/denniscolasurdo/Downloads/flink-1.9.1/flink-table/flink-table-uber-blink/target/flink-table-uber-blink_2.11-1.9.1.jar:/Users/denniscolasurdo/Downloads/flink-1.9.1/flink-table/flink-table-planner-blink/target/flink-table-planner-blink_2.11-1.9.1.jar:/Users/denniscolasurdo/.m2/repository/org/reflections/reflections/0.9.10/reflections-0.9.10.jar:/Users/denniscolasurdo/Downloads/flink-1.9.1/flink-table/flink-table-runtime-blink/target/flink-table-runtime-blink_2.11-1.9.1.jar:/Users/denniscolasurdo/.m2/repository/org/apache/calcite/avatica/avatica-core/1.15.0/avatica-core-1.15.0.jar:/Users/denniscolasurdo/.m2/repository/org/lz4/lz4-java/1.5.0/lz4-java-1.5.0.jar:/Users/denniscolasurdo/Downloads/flink-1.9.1/flink-table/flink-sql-client/target/flink-sql-client_2.11-1.9.1.jar:/Users/denniscolasurdo/.m2/repository/org/jline/jline-terminal/3.9.0/jline-terminal-3.9.0.jar:/Users/denniscolasurdo/.m2/repository/org/jline/jline-reader/3.9.0/jline-reader-3.9.0.jar:/Users/denniscolasurdo/Downloads/flink-1.9.1/flink-libraries/flink-state-processing-api/target/flink-state-processor-api_2.11-1.9.1.jar:/Users/denniscolasurdo/Downloads/flink-1.9.1/flink-filesystems/flink-azure-fs-hadoop/target/flink-azure-fs-hadoop-1.9.1.jar:/Users/denniscolasurdo/Downloads/flink-1.9.1/flink-filesystems/flink-fs-hadoop-shaded/target/flink-fs-hadoop-shaded-1.9.1.jar:/Users/denniscolasurdo/.m2/repository/org/apache/hadoop/hadoop-common/3.1.0/hadoop-common-3.1.0.jar:/Users/denniscolasurdo/.m2/repository/commons-lang/commons-lang/2.6/commons-lang-2.6.jar:/Users/denniscolasurdo/.m2/repository/commons-beanutils/commons-beanutils/1.9.3/commons-beanutils-1.9.3.jar:/Users/denniscolasurdo/.m2/repository/org/apache/commons/commons-configuration2/2.1.1/commons-configuration2-2.1.1.jar:/Users/denniscolasurdo/.m2/repository/com/google/re2j/re2j/1.1/re2j-1.1.jar:/Users/denniscolasurdo/.m2/repository/org/apache/hadoop/hadoop-auth/3.1.0/hadoop-auth-3.1.0.jar:/Users/denniscolasurdo/.m2/repository/org/apache/htrace/htrace-core4/4.1.0-incubating/htrace-core4-4.1.0-incubating.jar:/Users/denniscolasurdo/.m2/repository/org/codehaus/woodstox/stax2-api/3.1.4/stax2-api-3.1.4.jar:/Users/denniscolasurdo/.m2/repository/com/fasterxml/woodstox/woodstox-core/5.0.3/woodstox-core-5.0.3.jar:/Users/denniscolasurdo/.m2/repository/org/apache/hadoop/hadoop-azure/3.1.0/hadoop-azure-3.1.0.jar:/Users/denniscolasurdo/.m2/repository/com/fasterxml/jackson/core/jackson-core/2.7.8/jackson-core-2.7.8.jar:/Users/denniscolasurdo/.m2/repository/org/apache/httpcomponents/httpclient/4.5.3/httpclient-4.5.3.jar:/Users/denniscolasurdo/.m2/repository/org/apache/httpcomponents/httpcore/4.4.6/httpcore-4.4.6.jar:/Users/denniscolasurdo/.m2/repository/com/microsoft/azure/azure-storage/5.4.0/azure-storage-5.4.0.jar:/Users/denniscolasurdo/.m2/repository/com/microsoft/azure/azure-keyvault-core/0.8.0/azure-keyvault-core-0.8.0.jar:/Users/denniscolasurdo/.m2/repository/com/google/guava/guava/11.0.2/guava-11.0.2.jar:/Users/denniscolasurdo/.m2/repository/org/eclipse/jetty/jetty-util-ajax/9.3.19.v20170502/jetty-util-ajax-9.3.19.v20170502.jar:/Users/denniscolasurdo/.m2/repository/org/eclipse/jetty/jetty-util/9.3.19.v20170502/jetty-util-9.3.19.v20170502.jar:/Users/denniscolasurdo/Downloads/flink-1.9.1/flink-filesystems/flink-s3-fs-hadoop/target/flink-s3-fs-hadoop-1.9.1.jar:/Users/denniscolasurdo/Downloads/flink-1.9.1/flink-filesystems/flink-s3-fs-base/target/flink-s3-fs-base-1.9.1.jar:/Users/denniscolasurdo/.m2/repository/com/amazonaws/aws-java-sdk-core/1.11.271/aws-java-sdk-core-1.11.271.jar:/Users/denniscolasurdo/.m2/repository/software/amazon/ion/ion-java/1.0.2/ion-java-1.0.2.jar:/Users/denniscolasurdo/.m2/repository/com/fasterxml/jackson/dataformat/jackson-dataformat-cbor/2.6.7/jackson-dataformat-cbor-2.6.7.jar:/Users/denniscolasurdo/.m2/repository/com/amazonaws/aws-java-sdk-s3/1.11.271/aws-java-sdk-s3-1.11.271.jar:/Users/denniscolasurdo/.m2/repository/com/amazonaws/jmespath-java/1.11.271/jmespath-java-1.11.271.jar:/Users/denniscolasurdo/.m2/repository/com/amazonaws/aws-java-sdk-kms/1.11.271/aws-java-sdk-kms-1.11.271.jar:/Users/denniscolasurdo/.m2/repository/com/amazonaws/aws-java-sdk-dynamodb/1.11.271/aws-java-sdk-dynamodb-1.11.271.jar:/Users/denniscolasurdo/.m2/repository/org/apache/hadoop/hadoop-aws/3.1.0/hadoop-aws-3.1.0.jar:/Users/denniscolasurdo/Downloads/flink-1.9.1/flink-filesystems/flink-s3-fs-presto/target/flink-s3-fs-presto-1.9.1.jar:/Users/denniscolasurdo/.m2/repository/com/facebook/presto/presto-hive/0.187/presto-hive-0.187.jar:/Users/denniscolasurdo/.m2/repository/io/airlift/stats/0.153/stats-0.153.jar:/Users/denniscolasurdo/.m2/repository/org/hdrhistogram/HdrHistogram/2.1.9/HdrHistogram-2.1.9.jar:/Users/denniscolasurdo/.m2/repository/io/airlift/log/0.153/log-0.153.jar:/Users/denniscolasurdo/.m2/repository/io/airlift/configuration/0.153/configuration-0.153.jar:/Users/denniscolasurdo/.m2/repository/org/weakref/jmxutils/1.19/jmxutils-1.19.jar:/Users/denniscolasurdo/.m2/repository/io/airlift/slice/0.31/slice-0.31.jar:/Users/denniscolasurdo/.m2/repository/io/airlift/units/1.0/units-1.0.jar:/Users/denniscolasurdo/.m2/repository/com/fasterxml/jackson/core/jackson-annotations/2.8.1/jackson-annotations-2.8.1.jar:/Users/denniscolasurdo/.m2/repository/com/facebook/presto/hadoop/hadoop-apache2/2.7.3-1/hadoop-apache2-2.7.3-1.jar:/Users/denniscolasurdo/Downloads/flink-1.9.1/flink-filesystems/flink-swift-fs-hadoop/target/flink-swift-fs-hadoop-1.9.1.jar:/Users/denniscolasurdo/.m2/repository/org/apache/hadoop/hadoop-client/2.8.1/hadoop-client-2.8.1.jar:/Users/denniscolasurdo/.m2/repository/org/apache/hadoop/hadoop-hdfs/2.8.1/hadoop-hdfs-2.8.1.jar:/Users/denniscolasurdo/.m2/repository/org/apache/hadoop/hadoop-hdfs-client/2.8.1/hadoop-hdfs-client-2.8.1.jar:/Users/denniscolasurdo/.m2/repository/com/squareup/okhttp/okhttp/2.4.0/okhttp-2.4.0.jar:/Users/denniscolasurdo/.m2/repository/xmlenc/xmlenc/0.52/xmlenc-0.52.jar:/Users/denniscolasurdo/.m2/repository/org/apache/hadoop/hadoop-annotations/2.8.1/hadoop-annotations-2.8.1.jar:/Users/denniscolasurdo/.m2/repository/org/apache/hadoop/hadoop-openstack/2.8.1/hadoop-openstack-2.8.1.jar:/Users/denniscolasurdo/.m2/repository/org/codehaus/jackson/jackson-mapper-asl/1.9.13/jackson-mapper-asl-1.9.13.jar:/Users/denniscolasurdo/.m2/repository/org/codehaus/jackson/jackson-core-asl/1.9.13/jackson-core-asl-1.9.13.jar:/Users/denniscolasurdo/.m2/repository/commons-httpclient/commons-httpclient/3.1/commons-httpclient-3.1.jar:/Users/denniscolasurdo/.m2/repository/commons-logging/commons-logging/1.1.3/commons-logging-1.1.3.jar:/Users/denniscolasurdo/Downloads/flink-1.9.1/flink-filesystems/flink-oss-fs-hadoop/target/flink-oss-fs-hadoop-1.9.1.jar:/Users/denniscolasurdo/.m2/repository/org/apache/hadoop/hadoop-aliyun/3.1.0/hadoop-aliyun-3.1.0.jar:/Users/denniscolasurdo/.m2/repository/com/aliyun/oss/aliyun-sdk-oss/3.4.1/aliyun-sdk-oss-3.4.1.jar:/Users/denniscolasurdo/.m2/repository/org/jdom/jdom/1.1/jdom-1.1.jar:/Users/denniscolasurdo/.m2/repository/org/codehaus/jettison/jettison/1.1/jettison-1.1.jar:/Users/denniscolasurdo/.m2/repository/stax/stax-api/1.0.1/stax-api-1.0.1.jar:/Users/denniscolasurdo/.m2/repository/com/aliyun/aliyun-java-sdk-core/3.4.0/aliyun-java-sdk-core-3.4.0.jar:/Users/denniscolasurdo/.m2/repository/com/aliyun/aliyun-java-sdk-ram/3.0.0/aliyun-java-sdk-ram-3.0.0.jar:/Users/denniscolasurdo/.m2/repository/com/aliyun/aliyun-java-sdk-sts/3.0.0/aliyun-java-sdk-sts-3.0.0.jar:/Users/denniscolasurdo/.m2/repository/com/aliyun/aliyun-java-sdk-ecs/4.2.0/aliyun-java-sdk-ecs-4.2.0.jar:/Users/denniscolasurdo/Downloads/flink-1.9.1/flink-queryable-state/flink-queryable-state-runtime/target/flink-queryable-state-runtime_2.11-1.9.1.jar:/Users/denniscolasurdo/Downloads/flink-1.9.1/flink-python/target/flink-python_2.11-1.9.1.jar:/Users/denniscolasurdo/.m2/repository/net/sf/py4j/py4j/0.10.8.1/py4j-0.10.8.1.jar:/Users/denniscolasurdo/.m2/repository/net/razorvine/pyrolite/4.13/pyrolite-4.13.jar:/Users/denniscolasurdo/.m2/repository/org/apache/flink/flink-shaded-netty-tcnative-dynamic/2.0.25.Final-7.0/flink-shaded-netty-tcnative-dynamic-2.0.25.Final-7.0.jar:/Users/denniscolasurdo/Downloads/flink-1.9.1/flink-test-utils-parent/flink-test-utils-junit/target/flink-test-utils-junit-1.9.1.jar:/Users/denniscolasurdo/Downloads/flink-1.9.1/flink-scala-shell/target/flink-scala-shell_2.11-1.9.1.jar:/Users/denniscolasurdo/Downloads/flink-1.9.1/tools/force-shading/target/force-shading-1.9.1.jar:/Users/denniscolasurdo/.m2/repository/org/slf4j/slf4j-api/1.7.15/slf4j-api-1.7.15.jar:/Users/denniscolasurdo/.m2/repository/com/google/code/findbugs/jsr305/1.3.9/jsr305-1.3.9.jar:/Users/denniscolasurdo/.m2/repository/junit/junit/4.12/junit-4.12.jar:/Users/denniscolasurdo/.m2/repository/org/hamcrest/hamcrest-core/1.3/hamcrest-core-1.3.jar:/Users/denniscolasurdo/.m2/repository/org/mockito/mockito-core/2.21.0/mockito-core-2.21.0.jar:/Users/denniscolasurdo/.m2/repository/net/bytebuddy/byte-buddy/1.8.15/byte-buddy-1.8.15.jar:/Users/denniscolasurdo/.m2/repository/net/bytebuddy/byte-buddy-agent/1.8.15/byte-buddy-agent-1.8.15.jar:/Users/denniscolasurdo/.m2/repository/org/objenesis/objenesis/2.1/objenesis-2.1.jar:/Users/denniscolasurdo/.m2/repository/org/powermock/powermock-module-junit4/2.0.0-RC.4/powermock-module-junit4-2.0.0-RC.4.jar:/Users/denniscolasurdo/.m2/repository/org/powermock/powermock-module-junit4-common/2.0.0-RC.4/powermock-module-junit4-common-2.0.0-RC.4.jar:/Users/denniscolasurdo/.m2/repository/org/powermock/powermock-reflect/2.0.0-RC.4/powermock-reflect-2.0.0-RC.4.jar:/Users/denniscolasurdo/.m2/repository/org/powermock/powermock-core/2.0.0-RC.4/powermock-core-2.0.0-RC.4.jar:/Users/denniscolasurdo/.m2/repository/org/powermock/powermock-api-mockito2/2.0.0-RC.4/powermock-api-mockito2-2.0.0-RC.4.jar:/Users/denniscolasurdo/.m2/repository/org/powermock/powermock-api-support/2.0.0-RC.4/powermock-api-support-2.0.0-RC.4.jar:/Users/denniscolasurdo/.m2/repository/org/hamcrest/hamcrest-all/1.3/hamcrest-all-1.3.jar:"/>
    <property name="sun.cpu.endian" value="little"/>
    <property name="user.home" value="/Users/denniscolasurdo"/>
    <property name="user.language" value="en"/>
    <property name="java.specification.vendor" value="Oracle Corporation"/>
    <property name="java.home" value="/Library/Java/JavaVirtualMachines/adoptopenjdk-8.jdk/Contents/Home/jre"/>
    <property name="basedir" value="/Users/denniscolasurdo/Downloads/flink-1.9.1/flink-dist"/>
    <property name="file.separator" value="/"/>
    <property name="line.separator" value="&#10;"/>
    <property name="java.vm.specification.vendor" value="Oracle Corporation"/>
    <property name="java.specification.name" value="Java Platform API Specification"/>
    <property name="java.awt.graphicsenv" value="sun.awt.CGraphicsEnvironment"/>
    <property name="mvn.forkNumber" value="7"/>
    <property name="surefire.real.class.path" value="/Users/denniscolasurdo/Downloads/flink-1.9.1/flink-dist/target/surefire/surefirebooter5050696133099818547.jar"/>
    <property name="sun.boot.class.path" value="/Library/Java/JavaVirtualMachines/adoptopenjdk-8.jdk/Contents/Home/jre/lib/resources.jar:/Library/Java/JavaVirtualMachines/adoptopenjdk-8.jdk/Contents/Home/jre/lib/rt.jar:/Library/Java/JavaVirtualMachines/adoptopenjdk-8.jdk/Contents/Home/jre/lib/sunrsasign.jar:/Library/Java/JavaVirtualMachines/adoptopenjdk-8.jdk/Contents/Home/jre/lib/jsse.jar:/Library/Java/JavaVirtualMachines/adoptopenjdk-8.jdk/Contents/Home/jre/lib/jce.jar:/Library/Java/JavaVirtualMachines/adoptopenjdk-8.jdk/Contents/Home/jre/lib/charsets.jar:/Library/Java/JavaVirtualMachines/adoptopenjdk-8.jdk/Contents/Home/jre/lib/jfr.jar:/Library/Java/JavaVirtualMachines/adoptopenjdk-8.jdk/Contents/Home/jre/classes"/>
    <property name="sun.management.compiler" value="HotSpot 64-Bit Tiered Compilers"/>
    <property name="ftp.nonProxyHosts" value="local|*.local|169.254/16|*.169.254/16"/>
    <property name="java.runtime.version" value="1.8.0_232-b09"/>
    <property name="user.name" value="denniscolasurdo"/>
    <property name="path.separator" value=":"/>
    <property name="os.version" value="10.15.1"/>
    <property name="java.endorsed.dirs" value="/Library/Java/JavaVirtualMachines/adoptopenjdk-8.jdk/Contents/Home/jre/lib/endorsed"/>
    <property name="java.runtime.name" value="OpenJDK Runtime Environment"/>
    <property name="file.encoding" value="UTF-8"/>
    <property name="java.vm.name" value="OpenJDK 64-Bit Server VM"/>
    <property name="localRepository" value="/Users/denniscolasurdo/.m2/repository"/>
    <property name="java.vendor.url.bug" value="http://bugreport.sun.com/bugreport/"/>
    <property name="java.io.tmpdir" value="/var/folders/0w/f1ss3kg93hj5zndctwt88t7h0000gn/T/"/>
    <property name="java.version" value="1.8.0_232"/>
    <property name="user.dir" value="/Users/denniscolasurdo/Downloads/flink-1.9.1/flink-dist"/>
    <property name="os.arch" value="x86_64"/>
    <property name="java.vm.specification.name" value="Java Virtual Machine Specification"/>
    <property name="java.awt.printerjob" value="sun.lwawt.macosx.CPrinterJob"/>
    <property name="sun.os.patch.level" value="unknown"/>
    <property name="java.library.path" value="/Users/denniscolasurdo/Library/Java/Extensions:/Library/Java/Extensions:/Network/Library/Java/Extensions:/System/Library/Java/Extensions:/usr/lib/java:."/>
    <property name="java.vm.info" value="mixed mode"/>
    <property name="java.vendor" value="AdoptOpenJDK"/>
    <property name="java.vm.version" value="25.232-b09"/>
    <property name="java.ext.dirs" value="/Users/denniscolasurdo/Library/Java/Extensions:/Library/Java/JavaVirtualMachines/adoptopenjdk-8.jdk/Contents/Home/jre/lib/ext:/Library/Java/Extensions:/Network/Library/Java/Extensions:/System/Library/Java/Extensions:/usr/lib/java"/>
    <property name="sun.io.unicode.encoding" value="UnicodeBig"/>
    <property name="java.class.version" value="52.0"/>
    <property name="socksNonProxyHosts" value="local|*.local|169.254/16|*.169.254/16"/>
  </properties>
  <testcase name="compareNetworkBufShellScriptWithJava" classname="org.apache.flink.dist.TaskManagerHeapSizeCalculationJavaBashTest" time="3.604"/>
  <testcase name="compareHeapSizeShellScriptWithJava" classname="org.apache.flink.dist.TaskManagerHeapSizeCalculationJavaBashTest" time="3.068"/>
</testsuite>